# JRE version: OpenJDK Runtime Environment (15.0.1+9) (build 15.0.1+9-18)
# Java VM: OpenJDK 64-Bit Server VM (15.0.1+9-18, mixed mode, tiered, compressed oops, g1 gc, windows-amd64)
GC Precious Log:
 CPUs: 4 total, 4 available
 Memory: 16297M
 Large Page Support: Disabled
 NUMA Support: Disabled
 Compressed Oops: Enabled (Zero based)
 Heap Region Size: 2M
 Heap Min Capacity: 8M
 Heap Initial Capacity: 256M
 Heap Max Capacity: 4076M
 Pre-touch: Disabled
 Parallel Workers: 4
 Concurrent Workers: 1
 Concurrent Refinement Workers: 4
 Periodic GC: Disabled
Heap:
 garbage-first heap   total 178176K, used 86140K [0x0000000701400000, 0x0000000800000000)
  region size 2048K, 5 young (10240K), 4 survivors (8192K)
 Metaspace       used 73464K, capacity 74333K, committed 74444K, reserved 1114112K
  class space    used 9343K, capacity 9603K, committed 9676K, reserved 1048576K
GC Heap History (20 events):
Event: 4.316 GC heap before
{Heap before GC invocations=11 (full 0):
 garbage-first heap   total 102400K, used 74197K [0x0000000701400000, 0x0000000800000000)
  region size 2048K, 26 young (53248K), 3 survivors (6144K)
 Metaspace       used 40011K, capacity 40492K, committed 40704K, reserved 1085440K
  class space    used 4887K, capacity 5083K, committed 5120K, reserved 1048576K
}
Event: 4.324 GC heap after
{Heap after GC invocations=12 (full 0):
 garbage-first heap   total 122880K, used 29775K [0x0000000701400000, 0x0000000800000000)
  region size 2048K, 3 young (6144K), 3 survivors (6144K)
 Metaspace       used 40011K, capacity 40492K, committed 40704K, reserved 1085440K
  class space    used 4887K, capacity 5083K, committed 5120K, reserved 1048576K
}
Event: 5.761 GC heap before
{Heap before GC invocations=12 (full 0):
 garbage-first heap   total 122880K, used 93263K [0x0000000701400000, 0x0000000800000000)
  region size 2048K, 35 young (71680K), 3 survivors (6144K)
 Metaspace       used 51278K, capacity 51738K, committed 51968K, reserved 1095680K
  class space    used 6443K, capacity 6603K, committed 6656K, reserved 1048576K
}
Event: 5.772 GC heap after
{Heap after GC invocations=13 (full 0):
 garbage-first heap   total 122880K, used 35207K [0x0000000701400000, 0x0000000800000000)
  region size 2048K, 5 young (10240K), 5 survivors (10240K)
 Metaspace       used 51278K, capacity 51738K, committed 51968K, reserved 1095680K
  class space    used 6443K, capacity 6603K, committed 6656K, reserved 1048576K
}
Event: 6.358 GC heap before
{Heap before GC invocations=13 (full 0):
 garbage-first heap   total 122880K, used 94599K [0x0000000701400000, 0x0000000800000000)
  region size 2048K, 34 young (69632K), 5 survivors (10240K)
 Metaspace       used 54801K, capacity 55378K, committed 55552K, reserved 1097728K
  class space    used 6979K, capacity 7140K, committed 7168K, reserved 1048576K
}
Event: 6.370 GC heap after
{Heap after GC invocations=14 (full 0):
 garbage-first heap   total 122880K, used 37096K [0x0000000701400000, 0x0000000800000000)
  region size 2048K, 4 young (8192K), 4 survivors (8192K)
 Metaspace       used 54801K, capacity 55378K, committed 55552K, reserved 1097728K
  class space    used 6979K, capacity 7140K, committed 7168K, reserved 1048576K
}
Event: 6.580 GC heap before
{Heap before GC invocations=14 (full 0):
 garbage-first heap   total 122880K, used 96488K [0x0000000701400000, 0x0000000800000000)
  region size 2048K, 33 young (67584K), 4 survivors (8192K)
 Metaspace       used 55157K, capacity 55730K, committed 55936K, reserved 1097728K
  class space    used 7004K, capacity 7172K, committed 7296K, reserved 1048576K
}
Event: 6.588 GC heap after
{Heap after GC invocations=15 (full 0):
 garbage-first heap   total 122880K, used 37691K [0x0000000701400000, 0x0000000800000000)
  region size 2048K, 2 young (4096K), 2 survivors (4096K)
 Metaspace       used 55157K, capacity 55730K, committed 55936K, reserved 1097728K
  class space    used 7004K, capacity 7172K, committed 7296K, reserved 1048576K
}
Event: 6.991 GC heap before
{Heap before GC invocations=15 (full 0):
 garbage-first heap   total 122880K, used 97083K [0x0000000701400000, 0x0000000800000000)
  region size 2048K, 31 young (63488K), 2 survivors (4096K)
 Metaspace       used 57018K, capacity 57537K, committed 57728K, reserved 1099776K
  class space    used 7278K, capacity 7432K, committed 7552K, reserved 1048576K
}
Event: 7.000 GC heap after
{Heap after GC invocations=16 (full 0):
 garbage-first heap   total 147456K, used 41095K [0x0000000701400000, 0x0000000800000000)
  region size 2048K, 3 young (6144K), 3 survivors (6144K)
 Metaspace       used 57018K, capacity 57537K, committed 57728K, reserved 1099776K
  class space    used 7278K, capacity 7432K, committed 7552K, reserved 1048576K
}
Event: 7.339 GC heap before
{Heap before GC invocations=16 (full 0):
 garbage-first heap   total 147456K, used 77959K [0x0000000701400000, 0x0000000800000000)
  region size 2048K, 22 young (45056K), 3 survivors (6144K)
 Metaspace       used 59486K, capacity 60099K, committed 60160K, reserved 1101824K
  class space    used 7566K, capacity 7768K, committed 7808K, reserved 1048576K
}
Event: 7.351 GC heap after
{Heap after GC invocations=17 (full 0):
 garbage-first heap   total 147456K, used 45744K [0x0000000701400000, 0x0000000800000000)
  region size 2048K, 5 young (10240K), 5 survivors (10240K)
 Metaspace       used 59486K, capacity 60099K, committed 60160K, reserved 1101824K
  class space    used 7566K, capacity 7768K, committed 7808K, reserved 1048576K
}
Event: 8.353 GC heap before
{Heap before GC invocations=18 (full 0):
 garbage-first heap   total 147456K, used 113328K [0x0000000701400000, 0x0000000800000000)
  region size 2048K, 38 young (77824K), 5 survivors (10240K)
 Metaspace       used 65019K, capacity 65697K, committed 65868K, reserved 1105920K
  class space    used 8278K, capacity 8512K, committed 8524K, reserved 1048576K
}
Event: 8.372 GC heap after
{Heap after GC invocations=19 (full 0):
 garbage-first heap   total 147456K, used 55266K [0x0000000701400000, 0x0000000800000000)
  region size 2048K, 5 young (10240K), 5 survivors (10240K)
 Metaspace       used 65019K, capacity 65697K, committed 65868K, reserved 1105920K
  class space    used 8278K, capacity 8512K, committed 8524K, reserved 1048576K
}
Event: 8.824 GC heap before
{Heap before GC invocations=20 (full 0):
 garbage-first heap   total 147456K, used 112610K [0x0000000701400000, 0x0000000800000000)
  region size 2048K, 33 young (67584K), 5 survivors (10240K)
 Metaspace       used 66639K, capacity 67388K, committed 67660K, reserved 1107968K
  class space    used 8455K, capacity 8710K, committed 8780K, reserved 1048576K
}
Event: 8.842 GC heap after
{Heap after GC invocations=21 (full 0):
 garbage-first heap   total 147456K, used 61286K [0x0000000701400000, 0x0000000800000000)
  region size 2048K, 3 young (6144K), 3 survivors (6144K)
 Metaspace       used 66639K, capacity 67388K, committed 67660K, reserved 1107968K
  class space    used 8455K, capacity 8710K, committed 8780K, reserved 1048576K
}
Event: 198.389 GC heap before
{Heap before GC invocations=21 (full 0):
 garbage-first heap   total 147456K, used 114534K [0x0000000701400000, 0x0000000800000000)
  region size 2048K, 29 young (59392K), 3 survivors (6144K)
 Metaspace       used 71035K, capacity 71779K, committed 72140K, reserved 1112064K
  class space    used 9033K, capacity 9288K, committed 9420K, reserved 1048576K
}
Event: 198.411 GC heap after
{Heap after GC invocations=22 (full 0):
 garbage-first heap   total 178176K, used 64720K [0x0000000701400000, 0x0000000800000000)
  region size 2048K, 2 young (4096K), 2 survivors (4096K)
 Metaspace       used 71035K, capacity 71779K, committed 72140K, reserved 1112064K
  class space    used 9033K, capacity 9288K, committed 9420K, reserved 1048576K
}
Event: 256.158 GC heap before
{Heap before GC invocations=22 (full 0):
 garbage-first heap   total 178176K, used 111824K [0x0000000701400000, 0x0000000800000000)
  region size 2048K, 18 young (36864K), 2 survivors (4096K)
 Metaspace       used 73464K, capacity 74333K, committed 74444K, reserved 1114112K
  class space    used 9343K, capacity 9603K, committed 9676K, reserved 1048576K
}
Event: 256.169 GC heap after
{Heap after GC invocations=23 (full 0):
 garbage-first heap   total 178176K, used 67708K [0x0000000701400000, 0x0000000800000000)
  region size 2048K, 4 young (8192K), 4 survivors (8192K)
 Metaspace       used 73464K, capacity 74333K, committed 74444K, reserved 1114112K
  class space    used 9343K, capacity 9603K, committed 9676K, reserved 1048576K
}

